0 info it worked if it ends with ok
1 verbose cli [ '/usr/bin/node', '/usr/bin/npm', 'install', 'express-session' ]
2 info using npm@3.5.2
3 info using node@v8.10.0
4 silly loadCurrentTree Starting
5 silly install loadCurrentTree
6 silly install readLocalPackageData
7 silly fetchPackageMetaData express-session
8 silly fetchNamedPackageData express-session
9 silly mapToRegistry name express-session
10 silly mapToRegistry using default registry
11 silly mapToRegistry registry https://registry.npmjs.org/
12 silly mapToRegistry uri https://registry.npmjs.org/express-session
13 verbose request uri https://registry.npmjs.org/express-session
14 verbose request no auth needed
15 info attempt registry request try #1 at 17:29:28
16 verbose request id 779809bb32aff8d3
17 verbose etag W/"e081878343063fefda86616da0c5fc4c"
18 verbose lastModified Thu, 11 Apr 2019 16:25:35 GMT
19 http request GET https://registry.npmjs.org/express-session
20 http 304 https://registry.npmjs.org/express-session
21 verbose headers { date: 'Fri, 26 Apr 2019 11:59:40 GMT',
21 verbose headers   connection: 'keep-alive',
21 verbose headers   'set-cookie':
21 verbose headers    [ '__cfduid=d66c8b2bd44dda1e8e1e6541d0a51b4461556279980; expires=Sat, 25-Apr-20 11:59:40 GMT; path=/; domain=.registry.npmjs.org; HttpOnly' ],
21 verbose headers   'cf-cache-status': 'HIT',
21 verbose headers   'cache-control': 'max-age=300',
21 verbose headers   'cf-ray': '4cd864546d1c8a8b-BOM',
21 verbose headers   etag: '"e081878343063fefda86616da0c5fc4c"',
21 verbose headers   'expect-ct': 'max-age=604800, report-uri="https://report-uri.cloudflare.com/cdn-cgi/beacon/expect-ct"',
21 verbose headers   'last-modified': 'Thu, 11 Apr 2019 16:25:35 GMT',
21 verbose headers   vary: 'accept-encoding, accept',
21 verbose headers   'x-amz-meta-rev': '522-00606bea6afe106d00812b29d578dfd6',
21 verbose headers   server: 'cloudflare' }
22 silly get cb [ 304,
22 silly get   { date: 'Fri, 26 Apr 2019 11:59:40 GMT',
22 silly get     connection: 'keep-alive',
22 silly get     'set-cookie':
22 silly get      [ '__cfduid=d66c8b2bd44dda1e8e1e6541d0a51b4461556279980; expires=Sat, 25-Apr-20 11:59:40 GMT; path=/; domain=.registry.npmjs.org; HttpOnly' ],
22 silly get     'cf-cache-status': 'HIT',
22 silly get     'cache-control': 'max-age=300',
22 silly get     'cf-ray': '4cd864546d1c8a8b-BOM',
22 silly get     etag: '"e081878343063fefda86616da0c5fc4c"',
22 silly get     'expect-ct': 'max-age=604800, report-uri="https://report-uri.cloudflare.com/cdn-cgi/beacon/expect-ct"',
22 silly get     'last-modified': 'Thu, 11 Apr 2019 16:25:35 GMT',
22 silly get     vary: 'accept-encoding, accept',
22 silly get     'x-amz-meta-rev': '522-00606bea6afe106d00812b29d578dfd6',
22 silly get     server: 'cloudflare' } ]
23 verbose etag https://registry.npmjs.org/express-session from cache
24 verbose get saving express-session to /home/maitri/.npm/registry.npmjs.org/express-session/.cache.json
25 silly install normalizeTree
26 silly loadCurrentTree Finishing
27 silly loadIdealTree Starting
28 silly install loadIdealTree
29 silly cloneCurrentTree Starting
30 silly install cloneCurrentTreeToIdealTree
31 silly cloneCurrentTree Finishing
32 silly loadShrinkwrap Starting
33 silly install loadShrinkwrap
34 silly loadShrinkwrap Finishing
35 silly loadAllDepsIntoIdealTree Starting
36 silly install loadAllDepsIntoIdealTree
37 silly resolveWithNewModule express-session@1.16.1 checking installable status
38 silly cache add args [ 'express-session', null ]
39 verbose cache add spec express-session
40 silly cache add parsed spec Result {
40 silly cache add   raw: 'express-session',
40 silly cache add   scope: null,
40 silly cache add   name: 'express-session',
40 silly cache add   rawSpec: '',
40 silly cache add   spec: 'latest',
40 silly cache add   type: 'tag' }
41 silly addNamed express-session@latest
42 verbose addNamed "latest" is being treated as a dist-tag for express-session
43 info addNameTag [ 'express-session', 'latest' ]
44 silly mapToRegistry name express-session
45 silly mapToRegistry using default registry
46 silly mapToRegistry registry https://registry.npmjs.org/
47 silly mapToRegistry uri https://registry.npmjs.org/express-session
48 verbose addNameTag registry:https://registry.npmjs.org/express-session not in flight; fetching
49 verbose get https://registry.npmjs.org/express-session not expired, no request
50 silly addNameTag next cb for express-session with tag latest
51 silly addNamed express-session@1.16.1
52 verbose addNamed "1.16.1" is a plain semver version for express-session
53 silly cache afterAdd express-session@1.16.1
54 verbose afterAdd /home/maitri/.npm/express-session/1.16.1/package/package.json not in flight; writing
55 verbose afterAdd /home/maitri/.npm/express-session/1.16.1/package/package.json written
56 silly fetchNamedPackageData depd
57 silly mapToRegistry name depd
58 silly mapToRegistry using default registry
59 silly mapToRegistry registry https://registry.npmjs.org/
60 silly mapToRegistry uri https://registry.npmjs.org/depd
61 verbose request uri https://registry.npmjs.org/depd
62 verbose request no auth needed
63 info attempt registry request try #1 at 17:29:28
64 verbose etag W/"70852dc9265da686a07afcc095f5313d"
65 verbose lastModified Wed, 02 Jan 2019 20:56:16 GMT
66 http request GET https://registry.npmjs.org/depd
67 http 304 https://registry.npmjs.org/depd
68 verbose headers { date: 'Fri, 26 Apr 2019 11:59:40 GMT',
68 verbose headers   connection: 'keep-alive',
68 verbose headers   'set-cookie':
68 verbose headers    [ '__cfduid=d66c8b2bd44dda1e8e1e6541d0a51b4461556279980; expires=Sat, 25-Apr-20 11:59:40 GMT; path=/; domain=.registry.npmjs.org; HttpOnly' ],
68 verbose headers   'cf-cache-status': 'HIT',
68 verbose headers   'cache-control': 'max-age=300',
68 verbose headers   'cf-ray': '4cd86455eebd8a8b-BOM',
68 verbose headers   etag: '"70852dc9265da686a07afcc095f5313d"',
68 verbose headers   'expect-ct': 'max-age=604800, report-uri="https://report-uri.cloudflare.com/cdn-cgi/beacon/expect-ct"',
68 verbose headers   'last-modified': 'Wed, 02 Jan 2019 20:56:16 GMT',
68 verbose headers   vary: 'accept-encoding, accept',
68 verbose headers   'x-amz-meta-rev': '56-004834cf059a6d56502d4091c17f7c8a',
68 verbose headers   server: 'cloudflare' }
69 silly get cb [ 304,
69 silly get   { date: 'Fri, 26 Apr 2019 11:59:40 GMT',
69 silly get     connection: 'keep-alive',
69 silly get     'set-cookie':
69 silly get      [ '__cfduid=d66c8b2bd44dda1e8e1e6541d0a51b4461556279980; expires=Sat, 25-Apr-20 11:59:40 GMT; path=/; domain=.registry.npmjs.org; HttpOnly' ],
69 silly get     'cf-cache-status': 'HIT',
69 silly get     'cache-control': 'max-age=300',
69 silly get     'cf-ray': '4cd86455eebd8a8b-BOM',
69 silly get     etag: '"70852dc9265da686a07afcc095f5313d"',
69 silly get     'expect-ct': 'max-age=604800, report-uri="https://report-uri.cloudflare.com/cdn-cgi/beacon/expect-ct"',
69 silly get     'last-modified': 'Wed, 02 Jan 2019 20:56:16 GMT',
69 silly get     vary: 'accept-encoding, accept',
69 silly get     'x-amz-meta-rev': '56-004834cf059a6d56502d4091c17f7c8a',
69 silly get     server: 'cloudflare' } ]
70 verbose etag https://registry.npmjs.org/depd from cache
71 verbose get saving depd to /home/maitri/.npm/registry.npmjs.org/depd/.cache.json
72 silly resolveWithNewModule depd@2.0.0 checking installable status
73 silly cache add args [ 'depd@~2.0.0', null ]
74 verbose cache add spec depd@~2.0.0
75 silly cache add parsed spec Result {
75 silly cache add   raw: 'depd@~2.0.0',
75 silly cache add   scope: null,
75 silly cache add   name: 'depd',
75 silly cache add   rawSpec: '~2.0.0',
75 silly cache add   spec: '>=2.0.0 <2.1.0',
75 silly cache add   type: 'range' }
76 silly addNamed depd@>=2.0.0 <2.1.0
77 verbose addNamed ">=2.0.0 <2.1.0" is a valid semver range for depd
78 silly addNameRange { name: 'depd', range: '>=2.0.0 <2.1.0', hasData: false }
79 silly mapToRegistry name depd
80 silly mapToRegistry using default registry
81 silly mapToRegistry registry https://registry.npmjs.org/
82 silly mapToRegistry uri https://registry.npmjs.org/depd
83 verbose addNameRange registry:https://registry.npmjs.org/depd not in flight; fetching
84 verbose get https://registry.npmjs.org/depd not expired, no request
85 silly addNameRange number 2 { name: 'depd', range: '>=2.0.0 <2.1.0', hasData: true }
86 silly addNameRange versions [ 'depd',
86 silly addNameRange   [ '0.0.0',
86 silly addNameRange     '0.0.1',
86 silly addNameRange     '0.1.0',
86 silly addNameRange     '0.2.0',
86 silly addNameRange     '0.3.0',
86 silly addNameRange     '0.4.0',
86 silly addNameRange     '0.4.1',
86 silly addNameRange     '0.4.2',
86 silly addNameRange     '0.4.3',
86 silly addNameRange     '0.4.4',
86 silly addNameRange     '0.4.5',
86 silly addNameRange     '1.0.0',
86 silly addNameRange     '1.0.1',
86 silly addNameRange     '1.1.0',
86 silly addNameRange     '1.1.1',
86 silly addNameRange     '1.1.2',
86 silly addNameRange     '2.0.0' ] ]
87 silly addNamed depd@2.0.0
88 verbose addNamed "2.0.0" is a plain semver version for depd
89 silly cache afterAdd depd@2.0.0
90 verbose afterAdd /home/maitri/.npm/depd/2.0.0/package/package.json not in flight; writing
91 verbose afterAdd /home/maitri/.npm/depd/2.0.0/package/package.json written
92 silly loadAllDepsIntoIdealTree Finishing
93 silly idealTree:prePrune node-rest-shop@1.0.0
93 silly idealTree:prePrune ├── abbrev@1.1.1
93 silly idealTree:prePrune ├── accepts@1.3.5
93 silly idealTree:prePrune ├── ansi-regex@2.1.1
93 silly idealTree:prePrune ├── aproba@1.2.0
93 silly idealTree:prePrune ├── are-we-there-yet@1.1.5
93 silly idealTree:prePrune ├── array-flatten@1.1.1
93 silly idealTree:prePrune ├── async@2.6.1
93 silly idealTree:prePrune ├── balanced-match@1.0.0
93 silly idealTree:prePrune ├── base32.js@0.0.1
93 silly idealTree:prePrune ├── basic-auth@2.0.1
93 silly idealTree:prePrune ├── bcrypt@3.0.6
93 silly idealTree:prePrune ├── bluebird@3.5.1
93 silly idealTree:prePrune ├── body-parser@1.18.3
93 silly idealTree:prePrune ├── brace-expansion@1.1.11
93 silly idealTree:prePrune ├── bson@1.1.1
93 silly idealTree:prePrune ├── buffer-equal-constant-time@1.0.1
93 silly idealTree:prePrune ├── bytes@3.0.0
93 silly idealTree:prePrune ├── chownr@1.1.1
93 silly idealTree:prePrune ├── code-point-at@1.1.0
93 silly idealTree:prePrune ├── concat-map@0.0.1
93 silly idealTree:prePrune ├── connect-flash@0.1.1
93 silly idealTree:prePrune ├── console-control-strings@1.1.0
93 silly idealTree:prePrune ├── content-disposition@0.5.2
93 silly idealTree:prePrune ├── content-type@1.0.4
93 silly idealTree:prePrune ├── cookie-parser@1.4.4
93 silly idealTree:prePrune ├── cookie-signature@1.0.6
93 silly idealTree:prePrune ├── cookie@0.3.1
93 silly idealTree:prePrune ├── core-util-is@1.0.2
93 silly idealTree:prePrune ├── debug@2.6.9
93 silly idealTree:prePrune ├── deep-extend@0.6.0
93 silly idealTree:prePrune ├── delegates@1.0.0
93 silly idealTree:prePrune ├── depd@1.1.2
93 silly idealTree:prePrune ├── destroy@1.0.4
93 silly idealTree:prePrune ├── detect-libc@1.0.3
93 silly idealTree:prePrune ├── ecdsa-sig-formatter@1.0.11
93 silly idealTree:prePrune ├── ee-first@1.1.1
93 silly idealTree:prePrune ├── encodeurl@1.0.2
93 silly idealTree:prePrune ├── escape-html@1.0.3
93 silly idealTree:prePrune ├── etag@1.8.1
93 silly idealTree:prePrune ├─┬ express-session@1.16.1
93 silly idealTree:prePrune │ └── depd@2.0.0
93 silly idealTree:prePrune ├─┬ express@4.16.4
93 silly idealTree:prePrune │ └── statuses@1.4.0
93 silly idealTree:prePrune ├─┬ finalhandler@1.1.1
93 silly idealTree:prePrune │ └── statuses@1.4.0
93 silly idealTree:prePrune ├── forwarded@0.1.2
93 silly idealTree:prePrune ├── fresh@0.5.2
93 silly idealTree:prePrune ├── fs-minipass@1.2.5
93 silly idealTree:prePrune ├── fs.realpath@1.0.0
93 silly idealTree:prePrune ├── gauge@2.7.4
93 silly idealTree:prePrune ├── glob@7.1.3
93 silly idealTree:prePrune ├── has-unicode@2.0.1
93 silly idealTree:prePrune ├── http-errors@1.6.3
93 silly idealTree:prePrune ├── iconv-lite@0.4.23
93 silly idealTree:prePrune ├── ignore-walk@3.0.1
93 silly idealTree:prePrune ├── inflight@1.0.6
93 silly idealTree:prePrune ├── inherits@2.0.3
93 silly idealTree:prePrune ├── ini@1.3.5
93 silly idealTree:prePrune ├── ipaddr.js@1.9.0
93 silly idealTree:prePrune ├── is-fullwidth-code-point@1.0.0
93 silly idealTree:prePrune ├── isarray@1.0.0
93 silly idealTree:prePrune ├─┬ jsonwebtoken@8.5.1
93 silly idealTree:prePrune │ └── ms@2.1.1
93 silly idealTree:prePrune ├── jwa@1.4.1
93 silly idealTree:prePrune ├── jws@3.2.2
93 silly idealTree:prePrune ├── kareem@2.3.0
93 silly idealTree:prePrune ├── lodash.includes@4.3.0
93 silly idealTree:prePrune ├── lodash.isboolean@3.0.3
93 silly idealTree:prePrune ├── lodash.isinteger@4.0.4
93 silly idealTree:prePrune ├── lodash.isnumber@3.0.3
93 silly idealTree:prePrune ├── lodash.isplainobject@4.0.6
93 silly idealTree:prePrune ├── lodash.isstring@4.0.1
93 silly idealTree:prePrune ├── lodash.once@4.1.1
93 silly idealTree:prePrune ├── lodash@4.17.11
93 silly idealTree:prePrune ├── media-typer@0.3.0
93 silly idealTree:prePrune ├── memory-pager@1.5.0
93 silly idealTree:prePrune ├── merge-descriptors@1.0.1
93 silly idealTree:prePrune ├── methods@1.1.2
93 silly idealTree:prePrune ├── mime-db@1.40.0
93 silly idealTree:prePrune ├── mime-types@2.1.24
93 silly idealTree:prePrune ├── mime@1.4.1
93 silly idealTree:prePrune ├── minimatch@3.0.4
93 silly idealTree:prePrune ├── minimist@0.0.8
93 silly idealTree:prePrune ├── minipass@2.3.5
93 silly idealTree:prePrune ├── minizlib@1.2.1
93 silly idealTree:prePrune ├── mkdirp@0.5.1
93 silly idealTree:prePrune ├── mongodb-core@3.2.2
93 silly idealTree:prePrune ├── mongodb@3.2.2
93 silly idealTree:prePrune ├── mongoose-legacy-pluralize@1.0.2
93 silly idealTree:prePrune ├─┬ mongoose@5.5.2
93 silly idealTree:prePrune │ └── ms@2.1.1
93 silly idealTree:prePrune ├── morgan@1.9.1
93 silly idealTree:prePrune ├── mpath@0.5.1
93 silly idealTree:prePrune ├─┬ mquery@3.2.0
93 silly idealTree:prePrune │ └── debug@3.1.0
93 silly idealTree:prePrune ├── ms@2.0.0
93 silly idealTree:prePrune ├── nan@2.13.2
93 silly idealTree:prePrune ├─┬ needle@2.3.0
93 silly idealTree:prePrune │ ├── debug@4.1.1
93 silly idealTree:prePrune │ └── ms@2.1.1
93 silly idealTree:prePrune ├── negotiator@0.6.1
93 silly idealTree:prePrune ├── node-pre-gyp@0.12.0
93 silly idealTree:prePrune ├── nopt@4.0.1
93 silly idealTree:prePrune ├── npm-bundled@1.0.6
93 silly idealTree:prePrune ├── npm-packlist@1.4.1
93 silly idealTree:prePrune ├── npmlog@4.1.2
93 silly idealTree:prePrune ├── number-is-nan@1.0.1
93 silly idealTree:prePrune ├── object-assign@4.1.1
93 silly idealTree:prePrune ├── on-finished@2.3.0
93 silly idealTree:prePrune ├── on-headers@1.0.2
93 silly idealTree:prePrune ├── once@1.4.0
93 silly idealTree:prePrune ├── os-homedir@1.0.2
93 silly idealTree:prePrune ├── os-tmpdir@1.0.2
93 silly idealTree:prePrune ├── osenv@0.1.5
93 silly idealTree:prePrune ├── parseurl@1.3.3
93 silly idealTree:prePrune ├── path-is-absolute@1.0.1
93 silly idealTree:prePrune ├── path-to-regexp@0.1.7
93 silly idealTree:prePrune ├── process-nextick-args@2.0.0
93 silly idealTree:prePrune ├── proxy-addr@2.0.5
93 silly idealTree:prePrune ├── qs@6.5.2
93 silly idealTree:prePrune ├── random-bytes@1.0.0
93 silly idealTree:prePrune ├── range-parser@1.2.0
93 silly idealTree:prePrune ├── raw-body@2.3.3
93 silly idealTree:prePrune ├─┬ rc@1.2.8
93 silly idealTree:prePrune │ └── minimist@1.2.0
93 silly idealTree:prePrune ├── readable-stream@2.3.6
93 silly idealTree:prePrune ├── regexp-clone@0.0.1
93 silly idealTree:prePrune ├── require_optional@1.0.1
93 silly idealTree:prePrune ├── resolve-from@2.0.0
93 silly idealTree:prePrune ├── rimraf@2.6.3
93 silly idealTree:prePrune ├── safe-buffer@5.1.2
93 silly idealTree:prePrune ├── safer-buffer@2.1.2
93 silly idealTree:prePrune ├── saslprep@1.0.2
93 silly idealTree:prePrune ├── sax@1.2.4
93 silly idealTree:prePrune ├── semver@5.7.0
93 silly idealTree:prePrune ├─┬ send@0.16.2
93 silly idealTree:prePrune │ └── statuses@1.4.0
93 silly idealTree:prePrune ├── serve-static@1.13.2
93 silly idealTree:prePrune ├── set-blocking@2.0.0
93 silly idealTree:prePrune ├── setprototypeof@1.1.0
93 silly idealTree:prePrune ├── sift@7.0.1
93 silly idealTree:prePrune ├── signal-exit@3.0.2
93 silly idealTree:prePrune ├── sliced@1.0.1
93 silly idealTree:prePrune ├── sparse-bitfield@3.0.3
93 silly idealTree:prePrune ├── speakeasy@2.0.0
93 silly idealTree:prePrune ├── statuses@1.5.0
93 silly idealTree:prePrune ├── string_decoder@1.1.1
93 silly idealTree:prePrune ├── string-width@1.0.2
93 silly idealTree:prePrune ├── strip-ansi@3.0.1
93 silly idealTree:prePrune ├── strip-json-comments@2.0.1
93 silly idealTree:prePrune ├── tar@4.4.8
93 silly idealTree:prePrune ├── type-is@1.6.16
93 silly idealTree:prePrune ├── uid-safe@2.1.5
93 silly idealTree:prePrune ├── unpipe@1.0.0
93 silly idealTree:prePrune ├── util-deprecate@1.0.2
93 silly idealTree:prePrune ├── utils-merge@1.0.1
93 silly idealTree:prePrune ├── vary@1.1.2
93 silly idealTree:prePrune ├── wide-align@1.1.3
93 silly idealTree:prePrune ├── wrappy@1.0.2
93 silly idealTree:prePrune └── yallist@3.0.3
94 silly loadIdealTree Finishing
95 silly currentTree node-rest-shop@1.0.0
95 silly currentTree ├── abbrev@1.1.1
95 silly currentTree ├── accepts@1.3.5
95 silly currentTree ├── ansi-regex@2.1.1
95 silly currentTree ├── aproba@1.2.0
95 silly currentTree ├── are-we-there-yet@1.1.5
95 silly currentTree ├── array-flatten@1.1.1
95 silly currentTree ├── async@2.6.1
95 silly currentTree ├── balanced-match@1.0.0
95 silly currentTree ├── base32.js@0.0.1
95 silly currentTree ├── basic-auth@2.0.1
95 silly currentTree ├── bcrypt@3.0.6
95 silly currentTree ├── bluebird@3.5.1
95 silly currentTree ├── body-parser@1.18.3
95 silly currentTree ├── brace-expansion@1.1.11
95 silly currentTree ├── bson@1.1.1
95 silly currentTree ├── buffer-equal-constant-time@1.0.1
95 silly currentTree ├── bytes@3.0.0
95 silly currentTree ├── chownr@1.1.1
95 silly currentTree ├── code-point-at@1.1.0
95 silly currentTree ├── concat-map@0.0.1
95 silly currentTree ├── connect-flash@0.1.1
95 silly currentTree ├── console-control-strings@1.1.0
95 silly currentTree ├── content-disposition@0.5.2
95 silly currentTree ├── content-type@1.0.4
95 silly currentTree ├── cookie-parser@1.4.4
95 silly currentTree ├── cookie-signature@1.0.6
95 silly currentTree ├── cookie@0.3.1
95 silly currentTree ├── core-util-is@1.0.2
95 silly currentTree ├── debug@2.6.9
95 silly currentTree ├── deep-extend@0.6.0
95 silly currentTree ├── delegates@1.0.0
95 silly currentTree ├── depd@1.1.2
95 silly currentTree ├── destroy@1.0.4
95 silly currentTree ├── detect-libc@1.0.3
95 silly currentTree ├── ecdsa-sig-formatter@1.0.11
95 silly currentTree ├── ee-first@1.1.1
95 silly currentTree ├── encodeurl@1.0.2
95 silly currentTree ├── escape-html@1.0.3
95 silly currentTree ├── etag@1.8.1
95 silly currentTree ├─┬ express@4.16.4
95 silly currentTree │ └── statuses@1.4.0
95 silly currentTree ├─┬ finalhandler@1.1.1
95 silly currentTree │ └── statuses@1.4.0
95 silly currentTree ├── forwarded@0.1.2
95 silly currentTree ├── fresh@0.5.2
95 silly currentTree ├── fs-minipass@1.2.5
95 silly currentTree ├── fs.realpath@1.0.0
95 silly currentTree ├── gauge@2.7.4
95 silly currentTree ├── glob@7.1.3
95 silly currentTree ├── has-unicode@2.0.1
95 silly currentTree ├── http-errors@1.6.3
95 silly currentTree ├── iconv-lite@0.4.23
95 silly currentTree ├── ignore-walk@3.0.1
95 silly currentTree ├── inflight@1.0.6
95 silly currentTree ├── inherits@2.0.3
95 silly currentTree ├── ini@1.3.5
95 silly currentTree ├── ipaddr.js@1.9.0
95 silly currentTree ├── is-fullwidth-code-point@1.0.0
95 silly currentTree ├── isarray@1.0.0
95 silly currentTree ├─┬ jsonwebtoken@8.5.1
95 silly currentTree │ └── ms@2.1.1
95 silly currentTree ├── jwa@1.4.1
95 silly currentTree ├── jws@3.2.2
95 silly currentTree ├── kareem@2.3.0
95 silly currentTree ├── lodash.includes@4.3.0
95 silly currentTree ├── lodash.isboolean@3.0.3
95 silly currentTree ├── lodash.isinteger@4.0.4
95 silly currentTree ├── lodash.isnumber@3.0.3
95 silly currentTree ├── lodash.isplainobject@4.0.6
95 silly currentTree ├── lodash.isstring@4.0.1
95 silly currentTree ├── lodash.once@4.1.1
95 silly currentTree ├── lodash@4.17.11
95 silly currentTree ├── media-typer@0.3.0
95 silly currentTree ├── memory-pager@1.5.0
95 silly currentTree ├── merge-descriptors@1.0.1
95 silly currentTree ├── methods@1.1.2
95 silly currentTree ├── mime-db@1.40.0
95 silly currentTree ├── mime-types@2.1.24
95 silly currentTree ├── mime@1.4.1
95 silly currentTree ├── minimatch@3.0.4
95 silly currentTree ├── minimist@0.0.8
95 silly currentTree ├── minipass@2.3.5
95 silly currentTree ├── minizlib@1.2.1
95 silly currentTree ├── mkdirp@0.5.1
95 silly currentTree ├── mongodb-core@3.2.2
95 silly currentTree ├── mongodb@3.2.2
95 silly currentTree ├── mongoose-legacy-pluralize@1.0.2
95 silly currentTree ├─┬ mongoose@5.5.2
95 silly currentTree │ └── ms@2.1.1
95 silly currentTree ├── morgan@1.9.1
95 silly currentTree ├── mpath@0.5.1
95 silly currentTree ├─┬ mquery@3.2.0
95 silly currentTree │ └── debug@3.1.0
95 silly currentTree ├── ms@2.0.0
95 silly currentTree ├── nan@2.13.2
95 silly currentTree ├─┬ needle@2.3.0
95 silly currentTree │ ├── debug@4.1.1
95 silly currentTree │ └── ms@2.1.1
95 silly currentTree ├── negotiator@0.6.1
95 silly currentTree ├── node-pre-gyp@0.12.0
95 silly currentTree ├── nopt@4.0.1
95 silly currentTree ├── npm-bundled@1.0.6
95 silly currentTree ├── npm-packlist@1.4.1
95 silly currentTree ├── npmlog@4.1.2
95 silly currentTree ├── number-is-nan@1.0.1
95 silly currentTree ├── object-assign@4.1.1
95 silly currentTree ├── on-finished@2.3.0
95 silly currentTree ├── on-headers@1.0.2
95 silly currentTree ├── once@1.4.0
95 silly currentTree ├── os-homedir@1.0.2
95 silly currentTree ├── os-tmpdir@1.0.2
95 silly currentTree ├── osenv@0.1.5
95 silly currentTree ├── parseurl@1.3.3
95 silly currentTree ├── path-is-absolute@1.0.1
95 silly currentTree ├── path-to-regexp@0.1.7
95 silly currentTree ├── process-nextick-args@2.0.0
95 silly currentTree ├── proxy-addr@2.0.5
95 silly currentTree ├── qs@6.5.2
95 silly currentTree ├── random-bytes@1.0.0
95 silly currentTree ├── range-parser@1.2.0
95 silly currentTree ├── raw-body@2.3.3
95 silly currentTree ├─┬ rc@1.2.8
95 silly currentTree │ └── minimist@1.2.0
95 silly currentTree ├── readable-stream@2.3.6
95 silly currentTree ├── regexp-clone@0.0.1
95 silly currentTree ├── require_optional@1.0.1
95 silly currentTree ├── resolve-from@2.0.0
95 silly currentTree ├── rimraf@2.6.3
95 silly currentTree ├── safe-buffer@5.1.2
95 silly currentTree ├── safer-buffer@2.1.2
95 silly currentTree ├── saslprep@1.0.2
95 silly currentTree ├── sax@1.2.4
95 silly currentTree ├── semver@5.7.0
95 silly currentTree ├─┬ send@0.16.2
95 silly currentTree │ └── statuses@1.4.0
95 silly currentTree ├── serve-static@1.13.2
95 silly currentTree ├── set-blocking@2.0.0
95 silly currentTree ├── setprototypeof@1.1.0
95 silly currentTree ├── sift@7.0.1
95 silly currentTree ├── signal-exit@3.0.2
95 silly currentTree ├── sliced@1.0.1
95 silly currentTree ├── sparse-bitfield@3.0.3
95 silly currentTree ├── speakeasy@2.0.0
95 silly currentTree ├── statuses@1.5.0
95 silly currentTree ├── string_decoder@1.1.1
95 silly currentTree ├── string-width@1.0.2
95 silly currentTree ├── strip-ansi@3.0.1
95 silly currentTree ├── strip-json-comments@2.0.1
95 silly currentTree ├── tar@4.4.8
95 silly currentTree ├── type-is@1.6.16
95 silly currentTree ├── uid-safe@2.1.5
95 silly currentTree ├── unpipe@1.0.0
95 silly currentTree ├── util-deprecate@1.0.2
95 silly currentTree ├── utils-merge@1.0.1
95 silly currentTree ├── vary@1.1.2
95 silly currentTree ├── wide-align@1.1.3
95 silly currentTree ├── wrappy@1.0.2
95 silly currentTree └── yallist@3.0.3
96 silly idealTree node-rest-shop@1.0.0
96 silly idealTree ├── abbrev@1.1.1
96 silly idealTree ├── accepts@1.3.5
96 silly idealTree ├── ansi-regex@2.1.1
96 silly idealTree ├── aproba@1.2.0
96 silly idealTree ├── are-we-there-yet@1.1.5
96 silly idealTree ├── array-flatten@1.1.1
96 silly idealTree ├── async@2.6.1
96 silly idealTree ├── balanced-match@1.0.0
96 silly idealTree ├── base32.js@0.0.1
96 silly idealTree ├── basic-auth@2.0.1
96 silly idealTree ├── bcrypt@3.0.6
96 silly idealTree ├── bluebird@3.5.1
96 silly idealTree ├── body-parser@1.18.3
96 silly idealTree ├── brace-expansion@1.1.11
96 silly idealTree ├── bson@1.1.1
96 silly idealTree ├── buffer-equal-constant-time@1.0.1
96 silly idealTree ├── bytes@3.0.0
96 silly idealTree ├── chownr@1.1.1
96 silly idealTree ├── code-point-at@1.1.0
96 silly idealTree ├── concat-map@0.0.1
96 silly idealTree ├── connect-flash@0.1.1
96 silly idealTree ├── console-control-strings@1.1.0
96 silly idealTree ├── content-disposition@0.5.2
96 silly idealTree ├── content-type@1.0.4
96 silly idealTree ├── cookie-parser@1.4.4
96 silly idealTree ├── cookie-signature@1.0.6
96 silly idealTree ├── cookie@0.3.1
96 silly idealTree ├── core-util-is@1.0.2
96 silly idealTree ├── debug@2.6.9
96 silly idealTree ├── deep-extend@0.6.0
96 silly idealTree ├── delegates@1.0.0
96 silly idealTree ├── depd@1.1.2
96 silly idealTree ├── destroy@1.0.4
96 silly idealTree ├── detect-libc@1.0.3
96 silly idealTree ├── ecdsa-sig-formatter@1.0.11
96 silly idealTree ├── ee-first@1.1.1
96 silly idealTree ├── encodeurl@1.0.2
96 silly idealTree ├── escape-html@1.0.3
96 silly idealTree ├── etag@1.8.1
96 silly idealTree ├─┬ express-session@1.16.1
96 silly idealTree │ └── depd@2.0.0
96 silly idealTree ├─┬ express@4.16.4
96 silly idealTree │ └── statuses@1.4.0
96 silly idealTree ├─┬ finalhandler@1.1.1
96 silly idealTree │ └── statuses@1.4.0
96 silly idealTree ├── forwarded@0.1.2
96 silly idealTree ├── fresh@0.5.2
96 silly idealTree ├── fs-minipass@1.2.5
96 silly idealTree ├── fs.realpath@1.0.0
96 silly idealTree ├── gauge@2.7.4
96 silly idealTree ├── glob@7.1.3
96 silly idealTree ├── has-unicode@2.0.1
96 silly idealTree ├── http-errors@1.6.3
96 silly idealTree ├── iconv-lite@0.4.23
96 silly idealTree ├── ignore-walk@3.0.1
96 silly idealTree ├── inflight@1.0.6
96 silly idealTree ├── inherits@2.0.3
96 silly idealTree ├── ini@1.3.5
96 silly idealTree ├── ipaddr.js@1.9.0
96 silly idealTree ├── is-fullwidth-code-point@1.0.0
96 silly idealTree ├── isarray@1.0.0
96 silly idealTree ├─┬ jsonwebtoken@8.5.1
96 silly idealTree │ └── ms@2.1.1
96 silly idealTree ├── jwa@1.4.1
96 silly idealTree ├── jws@3.2.2
96 silly idealTree ├── kareem@2.3.0
96 silly idealTree ├── lodash.includes@4.3.0
96 silly idealTree ├── lodash.isboolean@3.0.3
96 silly idealTree ├── lodash.isinteger@4.0.4
96 silly idealTree ├── lodash.isnumber@3.0.3
96 silly idealTree ├── lodash.isplainobject@4.0.6
96 silly idealTree ├── lodash.isstring@4.0.1
96 silly idealTree ├── lodash.once@4.1.1
96 silly idealTree ├── lodash@4.17.11
96 silly idealTree ├── media-typer@0.3.0
96 silly idealTree ├── memory-pager@1.5.0
96 silly idealTree ├── merge-descriptors@1.0.1
96 silly idealTree ├── methods@1.1.2
96 silly idealTree ├── mime-db@1.40.0
96 silly idealTree ├── mime-types@2.1.24
96 silly idealTree ├── mime@1.4.1
96 silly idealTree ├── minimatch@3.0.4
96 silly idealTree ├── minimist@0.0.8
96 silly idealTree ├── minipass@2.3.5
96 silly idealTree ├── minizlib@1.2.1
96 silly idealTree ├── mkdirp@0.5.1
96 silly idealTree ├── mongodb-core@3.2.2
96 silly idealTree ├── mongodb@3.2.2
96 silly idealTree ├── mongoose-legacy-pluralize@1.0.2
96 silly idealTree ├─┬ mongoose@5.5.2
96 silly idealTree │ └── ms@2.1.1
96 silly idealTree ├── morgan@1.9.1
96 silly idealTree ├── mpath@0.5.1
96 silly idealTree ├─┬ mquery@3.2.0
96 silly idealTree │ └── debug@3.1.0
96 silly idealTree ├── ms@2.0.0
96 silly idealTree ├── nan@2.13.2
96 silly idealTree ├─┬ needle@2.3.0
96 silly idealTree │ ├── debug@4.1.1
96 silly idealTree │ └── ms@2.1.1
96 silly idealTree ├── negotiator@0.6.1
96 silly idealTree ├── node-pre-gyp@0.12.0
96 silly idealTree ├── nopt@4.0.1
96 silly idealTree ├── npm-bundled@1.0.6
96 silly idealTree ├── npm-packlist@1.4.1
96 silly idealTree ├── npmlog@4.1.2
96 silly idealTree ├── number-is-nan@1.0.1
96 silly idealTree ├── object-assign@4.1.1
96 silly idealTree ├── on-finished@2.3.0
96 silly idealTree ├── on-headers@1.0.2
96 silly idealTree ├── once@1.4.0
96 silly idealTree ├── os-homedir@1.0.2
96 silly idealTree ├── os-tmpdir@1.0.2
96 silly idealTree ├── osenv@0.1.5
96 silly idealTree ├── parseurl@1.3.3
96 silly idealTree ├── path-is-absolute@1.0.1
96 silly idealTree ├── path-to-regexp@0.1.7
96 silly idealTree ├── process-nextick-args@2.0.0
96 silly idealTree ├── proxy-addr@2.0.5
96 silly idealTree ├── qs@6.5.2
96 silly idealTree ├── random-bytes@1.0.0
96 silly idealTree ├── range-parser@1.2.0
96 silly idealTree ├── raw-body@2.3.3
96 silly idealTree ├─┬ rc@1.2.8
96 silly idealTree │ └── minimist@1.2.0
96 silly idealTree ├── readable-stream@2.3.6
96 silly idealTree ├── regexp-clone@0.0.1
96 silly idealTree ├── require_optional@1.0.1
96 silly idealTree ├── resolve-from@2.0.0
96 silly idealTree ├── rimraf@2.6.3
96 silly idealTree ├── safe-buffer@5.1.2
96 silly idealTree ├── safer-buffer@2.1.2
96 silly idealTree ├── saslprep@1.0.2
96 silly idealTree ├── sax@1.2.4
96 silly idealTree ├── semver@5.7.0
96 silly idealTree ├─┬ send@0.16.2
96 silly idealTree │ └── statuses@1.4.0
96 silly idealTree ├── serve-static@1.13.2
96 silly idealTree ├── set-blocking@2.0.0
96 silly idealTree ├── setprototypeof@1.1.0
96 silly idealTree ├── sift@7.0.1
96 silly idealTree ├── signal-exit@3.0.2
96 silly idealTree ├── sliced@1.0.1
96 silly idealTree ├── sparse-bitfield@3.0.3
96 silly idealTree ├── speakeasy@2.0.0
96 silly idealTree ├── statuses@1.5.0
96 silly idealTree ├── string_decoder@1.1.1
96 silly idealTree ├── string-width@1.0.2
96 silly idealTree ├── strip-ansi@3.0.1
96 silly idealTree ├── strip-json-comments@2.0.1
96 silly idealTree ├── tar@4.4.8
96 silly idealTree ├── type-is@1.6.16
96 silly idealTree ├── uid-safe@2.1.5
96 silly idealTree ├── unpipe@1.0.0
96 silly idealTree ├── util-deprecate@1.0.2
96 silly idealTree ├── utils-merge@1.0.1
96 silly idealTree ├── vary@1.1.2
96 silly idealTree ├── wide-align@1.1.3
96 silly idealTree ├── wrappy@1.0.2
96 silly idealTree └── yallist@3.0.3
97 silly generateActionsToTake Starting
98 silly install generateActionsToTake
99 silly generateActionsToTake Finishing
100 silly diffTrees action count 5
101 silly diffTrees add depd@2.0.0
102 silly diffTrees update connect-flash@0.1.1
103 silly diffTrees update cookie-parser@1.4.4
104 silly diffTrees add express-session@1.16.1
105 silly diffTrees update morgan@1.9.1
106 silly decomposeActions action count 40
107 silly decomposeActions fetch depd@2.0.0
108 silly decomposeActions extract depd@2.0.0
109 silly decomposeActions test depd@2.0.0
110 silly decomposeActions preinstall depd@2.0.0
111 silly decomposeActions build depd@2.0.0
112 silly decomposeActions install depd@2.0.0
113 silly decomposeActions postinstall depd@2.0.0
114 silly decomposeActions finalize depd@2.0.0
115 silly decomposeActions fetch connect-flash@0.1.1
116 silly decomposeActions extract connect-flash@0.1.1
117 silly decomposeActions test connect-flash@0.1.1
118 silly decomposeActions preinstall connect-flash@0.1.1
119 silly decomposeActions build connect-flash@0.1.1
120 silly decomposeActions install connect-flash@0.1.1
121 silly decomposeActions postinstall connect-flash@0.1.1
122 silly decomposeActions finalize connect-flash@0.1.1
123 silly decomposeActions fetch cookie-parser@1.4.4
124 silly decomposeActions extract cookie-parser@1.4.4
125 silly decomposeActions test cookie-parser@1.4.4
126 silly decomposeActions preinstall cookie-parser@1.4.4
127 silly decomposeActions build cookie-parser@1.4.4
128 silly decomposeActions install cookie-parser@1.4.4
129 silly decomposeActions postinstall cookie-parser@1.4.4
130 silly decomposeActions finalize cookie-parser@1.4.4
131 silly decomposeActions fetch express-session@1.16.1
132 silly decomposeActions extract express-session@1.16.1
133 silly decomposeActions test express-session@1.16.1
134 silly decomposeActions preinstall express-session@1.16.1
135 silly decomposeActions build express-session@1.16.1
136 silly decomposeActions install express-session@1.16.1
137 silly decomposeActions postinstall express-session@1.16.1
138 silly decomposeActions finalize express-session@1.16.1
139 silly decomposeActions fetch morgan@1.9.1
140 silly decomposeActions extract morgan@1.9.1
141 silly decomposeActions test morgan@1.9.1
142 silly decomposeActions preinstall morgan@1.9.1
143 silly decomposeActions build morgan@1.9.1
144 silly decomposeActions install morgan@1.9.1
145 silly decomposeActions postinstall morgan@1.9.1
146 silly decomposeActions finalize morgan@1.9.1
147 silly executeActions Starting
148 silly install executeActions
149 silly doSerial global-install 0
150 silly doParallel fetch 5
151 verbose lock using /home/maitri/.npm/_locks/staging-5b9e7af85ea1f7c7.lock for /home/maitri/node-rest-shop/node_modules/.staging
152 silly doParallel extract 5
153 silly extract depd@2.0.0
154 silly extract connect-flash@0.1.1
155 silly extract cookie-parser@1.4.4
156 silly extract express-session@1.16.1
157 silly extract morgan@1.9.1
158 verbose unbuild node_modules/.staging/depd-ce15ada7
159 verbose unbuild node_modules/.staging/connect-flash-3395d4a0
160 verbose unbuild node_modules/.staging/cookie-parser-7ff2225c
161 verbose unbuild node_modules/.staging/express-session-421645ed
162 verbose unbuild node_modules/.staging/morgan-a313d54a
163 silly gentlyRm /home/maitri/node-rest-shop/node_modules/.staging/depd-ce15ada7 is being purged from base /home/maitri/node-rest-shop
164 verbose gentlyRm don't care about contents; nuking /home/maitri/node-rest-shop/node_modules/.staging/depd-ce15ada7
165 silly gentlyRm /home/maitri/node-rest-shop/node_modules/.staging/connect-flash-3395d4a0 is being purged from base /home/maitri/node-rest-shop
166 verbose gentlyRm don't care about contents; nuking /home/maitri/node-rest-shop/node_modules/.staging/connect-flash-3395d4a0
167 silly gentlyRm /home/maitri/node-rest-shop/node_modules/.staging/cookie-parser-7ff2225c is being purged from base /home/maitri/node-rest-shop
168 verbose gentlyRm don't care about contents; nuking /home/maitri/node-rest-shop/node_modules/.staging/cookie-parser-7ff2225c
169 silly gentlyRm /home/maitri/node-rest-shop/node_modules/.staging/express-session-421645ed is being purged from base /home/maitri/node-rest-shop
170 verbose gentlyRm don't care about contents; nuking /home/maitri/node-rest-shop/node_modules/.staging/express-session-421645ed
171 silly gentlyRm /home/maitri/node-rest-shop/node_modules/.staging/morgan-a313d54a is being purged from base /home/maitri/node-rest-shop
172 verbose gentlyRm don't care about contents; nuking /home/maitri/node-rest-shop/node_modules/.staging/morgan-a313d54a
173 verbose tar unpack /home/maitri/.npm/depd/2.0.0/package.tgz
174 verbose tar unpacking to /home/maitri/node-rest-shop/node_modules/.staging/depd-ce15ada7
175 silly gentlyRm /home/maitri/node-rest-shop/node_modules/.staging/depd-ce15ada7 is being purged
176 verbose gentlyRm don't care about contents; nuking /home/maitri/node-rest-shop/node_modules/.staging/depd-ce15ada7
177 verbose tar unpack /home/maitri/.npm/connect-flash/0.1.1/package.tgz
178 verbose tar unpacking to /home/maitri/node-rest-shop/node_modules/.staging/connect-flash-3395d4a0
179 silly gentlyRm /home/maitri/node-rest-shop/node_modules/.staging/connect-flash-3395d4a0 is being purged
180 verbose gentlyRm don't care about contents; nuking /home/maitri/node-rest-shop/node_modules/.staging/connect-flash-3395d4a0
181 verbose tar unpack /home/maitri/.npm/cookie-parser/1.4.4/package.tgz
182 verbose tar unpacking to /home/maitri/node-rest-shop/node_modules/.staging/cookie-parser-7ff2225c
183 silly gentlyRm /home/maitri/node-rest-shop/node_modules/.staging/cookie-parser-7ff2225c is being purged
184 verbose gentlyRm don't care about contents; nuking /home/maitri/node-rest-shop/node_modules/.staging/cookie-parser-7ff2225c
185 verbose tar unpack /home/maitri/.npm/express-session/1.16.1/package.tgz
186 verbose tar unpacking to /home/maitri/node-rest-shop/node_modules/.staging/express-session-421645ed
187 silly gentlyRm /home/maitri/node-rest-shop/node_modules/.staging/express-session-421645ed is being purged
188 verbose gentlyRm don't care about contents; nuking /home/maitri/node-rest-shop/node_modules/.staging/express-session-421645ed
189 verbose tar unpack /home/maitri/.npm/morgan/1.9.1/package.tgz
190 verbose tar unpacking to /home/maitri/node-rest-shop/node_modules/.staging/morgan-a313d54a
191 silly gentlyRm /home/maitri/node-rest-shop/node_modules/.staging/morgan-a313d54a is being purged
192 verbose gentlyRm don't care about contents; nuking /home/maitri/node-rest-shop/node_modules/.staging/morgan-a313d54a
193 silly gunzTarPerm modes [ '755', '644' ]
194 silly gunzTarPerm modes [ '755', '644' ]
195 silly gunzTarPerm modes [ '755', '644' ]
196 silly gunzTarPerm modes [ '755', '644' ]
197 silly gunzTarPerm modes [ '755', '644' ]
198 silly gunzTarPerm extractEntry package.json
199 silly gunzTarPerm extractEntry package.json
200 silly gunzTarPerm extractEntry package.json
201 silly gunzTarPerm extractEntry package.json
202 silly gunzTarPerm extractEntry package.json
203 silly gunzTarPerm extractEntry History.md
204 silly gunzTarPerm extractEntry index.js
205 silly gunzTarPerm extractEntry README.md
206 silly gunzTarPerm extractEntry LICENSE
207 silly gunzTarPerm extractEntry HISTORY.md
208 silly gunzTarPerm extractEntry index.js
209 silly gunzTarPerm extractEntry HISTORY.md
210 silly gunzTarPerm extractEntry index.js
211 silly gunzTarPerm extractEntry HISTORY.md
212 silly gunzTarPerm extractEntry index.js
213 silly gunzTarPerm extractEntry .travis.yml
214 silly gunzTarPerm extractEntry lib/flash.js
215 silly gunzTarPerm extractEntry LICENSE
216 silly gunzTarPerm extractEntry LICENSE
217 silly gunzTarPerm extractEntry README.md
218 silly gunzTarPerm extractEntry LICENSE
219 silly gunzTarPerm extractEntry LICENSE
220 silly gunzTarPerm extractEntry lib/index.js
221 silly gunzTarPerm extractEntry Readme.md
222 silly gunzTarPerm extractEntry lib/browser/index.js
223 silly gunzTarPerm extractEntry README.md
224 silly gunzTarPerm extractEntry README.md
225 silly gunzTarPerm extractEntry session/cookie.js
226 silly gunzTarPerm extractEntry session/memory.js
227 silly gunzTarPerm extractEntry session/session.js
228 silly gunzTarPerm extractEntry session/store.js
229 silly gentlyRm /home/maitri/node-rest-shop/node_modules/.staging/cookie-parser-7ff2225c/node_modules is being purged
230 verbose gentlyRm don't care about contents; nuking /home/maitri/node-rest-shop/node_modules/.staging/cookie-parser-7ff2225c/node_modules
231 silly gentlyRm /home/maitri/node-rest-shop/node_modules/.staging/morgan-a313d54a/node_modules is being purged
232 verbose gentlyRm don't care about contents; nuking /home/maitri/node-rest-shop/node_modules/.staging/morgan-a313d54a/node_modules
233 silly gentlyRm /home/maitri/node-rest-shop/node_modules/.staging/connect-flash-3395d4a0/node_modules is being purged
234 verbose gentlyRm don't care about contents; nuking /home/maitri/node-rest-shop/node_modules/.staging/connect-flash-3395d4a0/node_modules
235 silly gentlyRm /home/maitri/node-rest-shop/node_modules/.staging/depd-ce15ada7/node_modules is being purged
236 verbose gentlyRm don't care about contents; nuking /home/maitri/node-rest-shop/node_modules/.staging/depd-ce15ada7/node_modules
237 silly gentlyRm /home/maitri/node-rest-shop/node_modules/.staging/express-session-421645ed/node_modules is being purged
238 verbose gentlyRm don't care about contents; nuking /home/maitri/node-rest-shop/node_modules/.staging/express-session-421645ed/node_modules
239 silly doParallel preinstall 5
240 silly preinstall depd@2.0.0 /home/maitri/node-rest-shop/node_modules/.staging/depd-ce15ada7
241 info lifecycle depd@2.0.0~preinstall: depd@2.0.0
242 silly preinstall connect-flash@0.1.1 /home/maitri/node-rest-shop/node_modules/.staging/connect-flash-3395d4a0
243 info lifecycle connect-flash@0.1.1~preinstall: connect-flash@0.1.1
244 silly preinstall cookie-parser@1.4.4 /home/maitri/node-rest-shop/node_modules/.staging/cookie-parser-7ff2225c
245 info lifecycle cookie-parser@1.4.4~preinstall: cookie-parser@1.4.4
246 silly preinstall express-session@1.16.1 /home/maitri/node-rest-shop/node_modules/.staging/express-session-421645ed
247 info lifecycle express-session@1.16.1~preinstall: express-session@1.16.1
248 silly preinstall morgan@1.9.1 /home/maitri/node-rest-shop/node_modules/.staging/morgan-a313d54a
249 info lifecycle morgan@1.9.1~preinstall: morgan@1.9.1
250 silly lifecycle depd@2.0.0~preinstall: no script for preinstall, continuing
251 silly lifecycle connect-flash@0.1.1~preinstall: no script for preinstall, continuing
252 silly lifecycle cookie-parser@1.4.4~preinstall: no script for preinstall, continuing
253 silly lifecycle express-session@1.16.1~preinstall: no script for preinstall, continuing
254 silly lifecycle morgan@1.9.1~preinstall: no script for preinstall, continuing
255 silly doReverseSerial remove 0
256 silly doSerial move 0
257 silly doSerial finalize 5
258 silly finalize /home/maitri/node-rest-shop/node_modules/express-session/node_modules/depd
259 silly finalize /home/maitri/node-rest-shop/node_modules/connect-flash
260 silly finalize /home/maitri/node-rest-shop/node_modules/cookie-parser
261 silly finalize /home/maitri/node-rest-shop/node_modules/express-session
262 verbose unlock done using /home/maitri/.npm/_locks/staging-5b9e7af85ea1f7c7.lock for /home/maitri/node-rest-shop/node_modules/.staging
263 silly rollbackFailedOptional Starting
264 silly rollbackFailedOptional Finishing
265 silly runTopLevelLifecycles Starting
266 silly runTopLevelLifecycles Finishing
267 silly install printInstalled
268 warn node-rest-shop@1.0.0 No description
269 warn node-rest-shop@1.0.0 No repository field.
270 verbose stack Error: ENOTEMPTY: directory not empty, rename '/home/maitri/node-rest-shop/node_modules/express-session' -> '/home/maitri/node-rest-shop/node_modules/.express-session.DELETE'
270 verbose stack     at moveAway (/usr/share/npm/lib/install/action/finalize.js:38:5)
270 verbose stack     at destStatted (/usr/share/npm/lib/install/action/finalize.js:27:7)
270 verbose stack     at FSReqWrap.oncomplete (fs.js:153:5)
270 verbose stack
270 verbose stack Error: ENOTEMPTY: directory not empty, rename '/home/maitri/node-rest-shop/node_modules/express-session' -> '/home/maitri/node-rest-shop/node_modules/.express-session.DELETE'
271 verbose cwd /home/maitri/node-rest-shop
272 error Linux 4.15.0-47-generic
273 error argv "/usr/bin/node" "/usr/bin/npm" "install" "express-session"
274 error node v8.10.0
275 error npm  v3.5.2
276 error path /home/maitri/node-rest-shop/node_modules/express-session
277 error code ENOTEMPTY
278 error errno -39
279 error syscall rename
280 error ENOTEMPTY: directory not empty, rename '/home/maitri/node-rest-shop/node_modules/express-session' -> '/home/maitri/node-rest-shop/node_modules/.express-session.DELETE'
281 error If you need help, you may report this error at:
281 error     <https://github.com/npm/npm/issues>
282 verbose exit [ -39, true ]
